1757899537.643852 client started (62421): version 3.5a, socket /run/user/1000/tmux-1000/default, protocol 8
1757899537.643861 on Linux 6.16.6 #1-NixOS SMP PREEMPT_DYNAMIC Tue Sep  9 17:02:41 UTC 2025
1757899537.643865 using libevent 2.1.12-stable poll
1757899537.643868 using utf8proc 2.10.0
1757899537.643870 using ncurses 6.5 20240427
1757899537.643875 flags are 0x18010000
1757899537.643880 socket is /run/user/1000/tmux-1000/default
1757899537.643885 trying connect
1757899537.643916 add peer 0x1d833b70: 7 ((nil))
1757899537.644057 sending message 111 to peer 0x1d833b70 (8 bytes)
1757899537.644061 sending message 111 to peer 0x1d833b70 (8 bytes)
1757899537.644062 sending message 101 to peer 0x1d833b70 (15 bytes)
1757899537.644064 sending message 109 to peer 0x1d833b70 (4 bytes)
1757899537.644065 sending message 102 to peer 0x1d833b70 (11 bytes)
1757899537.644067 sending message 108 to peer 0x1d833b70 (21 bytes)
1757899537.644068 sending message 112 to peer 0x1d833b70 (58 bytes)
1757899537.644070 sending message 112 to peer 0x1d833b70 (5 bytes)
1757899537.644071 sending message 112 to peer 0x1d833b70 (5 bytes)
1757899537.644072 sending message 112 to peer 0x1d833b70 (6 bytes)
1757899537.644074 sending message 112 to peer 0x1d833b70 (6 bytes)
1757899537.644075 sending message 112 to peer 0x1d833b70 (11 bytes)
1757899537.644076 sending message 112 to peer 0x1d833b70 (10 bytes)
1757899537.644078 sending message 112 to peer 0x1d833b70 (13 bytes)
1757899537.644079 sending message 112 to peer 0x1d833b70 (14 bytes)
1757899537.644080 sending message 112 to peer 0x1d833b70 (19 bytes)
1757899537.644082 sending message 112 to peer 0x1d833b70 (11 bytes)
1757899537.644083 sending message 112 to peer 0x1d833b70 (10 bytes)
1757899537.644085 sending message 112 to peer 0x1d833b70 (15 bytes)
1757899537.644086 sending message 112 to peer 0x1d833b70 (21 bytes)
1757899537.644087 sending message 112 to peer 0x1d833b70 (13 bytes)
1757899537.644089 sending message 112 to peer 0x1d833b70 (7 bytes)
1757899537.644090 sending message 112 to peer 0x1d833b70 (13 bytes)
1757899537.644091 sending message 112 to peer 0x1d833b70 (7 bytes)
1757899537.644093 sending message 112 to peer 0x1d833b70 (13 bytes)
1757899537.644094 sending message 112 to peer 0x1d833b70 (9 bytes)
1757899537.644095 sending message 112 to peer 0x1d833b70 (21 bytes)
1757899537.644097 sending message 112 to peer 0x1d833b70 (13 bytes)
1757899537.644098 sending message 112 to peer 0x1d833b70 (9 bytes)
1757899537.644099 sending message 112 to peer 0x1d833b70 (16 bytes)
1757899537.644101 sending message 112 to peer 0x1d833b70 (13 bytes)
1757899537.644102 sending message 112 to peer 0x1d833b70 (9 bytes)
1757899537.644103 sending message 112 to peer 0x1d833b70 (9 bytes)
1757899537.644105 sending message 112 to peer 0x1d833b70 (12 bytes)
1757899537.644106 sending message 112 to peer 0x1d833b70 (8 bytes)
1757899537.644107 sending message 112 to peer 0x1d833b70 (8 bytes)
1757899537.644109 sending message 112 to peer 0x1d833b70 (13 bytes)
1757899537.644110 sending message 112 to peer 0x1d833b70 (7 bytes)
1757899537.644111 sending message 112 to peer 0x1d833b70 (7 bytes)
1757899537.644113 sending message 112 to peer 0x1d833b70 (9 bytes)
1757899537.644114 sending message 112 to peer 0x1d833b70 (9 bytes)
1757899537.644116 sending message 112 to peer 0x1d833b70 (15 bytes)
1757899537.644117 sending message 112 to peer 0x1d833b70 (13 bytes)
1757899537.644119 sending message 112 to peer 0x1d833b70 (12 bytes)
1757899537.644120 sending message 112 to peer 0x1d833b70 (8 bytes)
1757899537.644121 sending message 112 to peer 0x1d833b70 (14 bytes)
1757899537.644123 sending message 112 to peer 0x1d833b70 (11 bytes)
1757899537.644124 sending message 112 to peer 0x1d833b70 (9 bytes)
1757899537.644126 sending message 112 to peer 0x1d833b70 (10 bytes)
1757899537.644127 sending message 112 to peer 0x1d833b70 (10 bytes)
1757899537.644128 sending message 112 to peer 0x1d833b70 (10 bytes)
1757899537.644130 sending message 112 to peer 0x1d833b70 (10 bytes)
1757899537.644131 sending message 112 to peer 0x1d833b70 (11 bytes)
1757899537.644136 sending message 112 to peer 0x1d833b70 (12 bytes)
1757899537.644138 sending message 112 to peer 0x1d833b70 (12 bytes)
1757899537.644140 sending message 112 to peer 0x1d833b70 (12 bytes)
1757899537.644141 sending message 112 to peer 0x1d833b70 (12 bytes)
1757899537.644143 sending message 112 to peer 0x1d833b70 (12 bytes)
1757899537.644144 sending message 112 to peer 0x1d833b70 (11 bytes)
1757899537.644145 sending message 112 to peer 0x1d833b70 (11 bytes)
1757899537.644147 sending message 112 to peer 0x1d833b70 (12 bytes)
1757899537.644148 sending message 112 to peer 0x1d833b70 (12 bytes)
1757899537.644150 sending message 112 to peer 0x1d833b70 (12 bytes)
1757899537.644151 sending message 112 to peer 0x1d833b70 (12 bytes)
1757899537.644152 sending message 112 to peer 0x1d833b70 (12 bytes)
1757899537.644154 sending message 112 to peer 0x1d833b70 (9 bytes)
1757899537.644155 sending message 112 to peer 0x1d833b70 (12 bytes)
1757899537.644157 sending message 112 to peer 0x1d833b70 (13 bytes)
1757899537.644158 sending message 112 to peer 0x1d833b70 (13 bytes)
1757899537.644159 sending message 112 to peer 0x1d833b70 (13 bytes)
1757899537.644161 sending message 112 to peer 0x1d833b70 (13 bytes)
1757899537.644162 sending message 112 to peer 0x1d833b70 (13 bytes)
1757899537.644164 sending message 112 to peer 0x1d833b70 (8 bytes)
1757899537.644165 sending message 112 to peer 0x1d833b70 (11 bytes)
1757899537.644166 sending message 112 to peer 0x1d833b70 (11 bytes)
1757899537.644168 sending message 112 to peer 0x1d833b70 (11 bytes)
1757899537.644169 sending message 112 to peer 0x1d833b70 (12 bytes)
1757899537.644171 sending message 112 to peer 0x1d833b70 (12 bytes)
1757899537.644172 sending message 112 to peer 0x1d833b70 (12 bytes)
1757899537.644174 sending message 112 to peer 0x1d833b70 (12 bytes)
1757899537.644175 sending message 112 to peer 0x1d833b70 (13 bytes)
1757899537.644176 sending message 112 to peer 0x1d833b70 (13 bytes)
1757899537.644178 sending message 112 to peer 0x1d833b70 (13 bytes)
1757899537.644179 sending message 112 to peer 0x1d833b70 (8 bytes)
1757899537.644180 sending message 112 to peer 0x1d833b70 (13 bytes)
1757899537.644182 sending message 112 to peer 0x1d833b70 (13 bytes)
1757899537.644183 sending message 112 to peer 0x1d833b70 (13 bytes)
1757899537.644185 sending message 112 to peer 0x1d833b70 (13 bytes)
1757899537.644186 sending message 112 to peer 0x1d833b70 (13 bytes)
1757899537.644187 sending message 112 to peer 0x1d833b70 (12 bytes)
1757899537.644189 sending message 112 to peer 0x1d833b70 (12 bytes)
1757899537.644190 sending message 112 to peer 0x1d833b70 (12 bytes)
1757899537.644192 sending message 112 to peer 0x1d833b70 (12 bytes)
1757899537.644193 sending message 112 to peer 0x1d833b70 (13 bytes)
1757899537.644194 sending message 112 to peer 0x1d833b70 (8 bytes)
1757899537.644196 sending message 112 to peer 0x1d833b70 (13 bytes)
1757899537.644197 sending message 112 to peer 0x1d833b70 (13 bytes)
1757899537.644199 sending message 112 to peer 0x1d833b70 (13 bytes)
1757899537.644200 sending message 112 to peer 0x1d833b70 (13 bytes)
1757899537.644201 sending message 112 to peer 0x1d833b70 (13 bytes)
1757899537.644203 sending message 112 to peer 0x1d833b70 (13 bytes)
1757899537.644204 sending message 112 to peer 0x1d833b70 (13 bytes)
1757899537.644205 sending message 112 to peer 0x1d833b70 (12 bytes)
1757899537.644207 sending message 112 to peer 0x1d833b70 (12 bytes)
1757899537.644208 sending message 112 to peer 0x1d833b70 (12 bytes)
1757899537.644210 sending message 112 to peer 0x1d833b70 (8 bytes)
1757899537.644211 sending message 112 to peer 0x1d833b70 (12 bytes)
1757899537.644212 sending message 112 to peer 0x1d833b70 (13 bytes)
1757899537.644214 sending message 112 to peer 0x1d833b70 (13 bytes)
1757899537.644215 sending message 112 to peer 0x1d833b70 (13 bytes)
1757899537.644217 sending message 112 to peer 0x1d833b70 (13 bytes)
1757899537.644218 sending message 112 to peer 0x1d833b70 (13 bytes)
1757899537.644220 sending message 112 to peer 0x1d833b70 (13 bytes)
1757899537.644221 sending message 112 to peer 0x1d833b70 (13 bytes)
1757899537.644224 sending message 112 to peer 0x1d833b70 (13 bytes)
1757899537.644225 sending message 112 to peer 0x1d833b70 (12 bytes)
1757899537.644227 sending message 112 to peer 0x1d833b70 (10 bytes)
1757899537.644228 sending message 112 to peer 0x1d833b70 (12 bytes)
1757899537.644230 sending message 112 to peer 0x1d833b70 (12 bytes)
1757899537.644231 sending message 112 to peer 0x1d833b70 (12 bytes)
1757899537.644232 sending message 112 to peer 0x1d833b70 (13 bytes)
1757899537.644234 sending message 112 to peer 0x1d833b70 (13 bytes)
1757899537.644235 sending message 112 to peer 0x1d833b70 (13 bytes)
1757899537.644237 sending message 112 to peer 0x1d833b70 (13 bytes)
1757899537.644238 sending message 112 to peer 0x1d833b70 (13 bytes)
1757899537.644239 sending message 112 to peer 0x1d833b70 (13 bytes)
1757899537.644244 sending message 112 to peer 0x1d833b70 (13 bytes)
1757899537.644251 sending message 112 to peer 0x1d833b70 (10 bytes)
1757899537.644257 sending message 112 to peer 0x1d833b70 (13 bytes)
1757899537.644264 sending message 112 to peer 0x1d833b70 (12 bytes)
1757899537.644270 sending message 112 to peer 0x1d833b70 (12 bytes)
1757899537.644277 sending message 112 to peer 0x1d833b70 (12 bytes)
1757899537.644283 sending message 112 to peer 0x1d833b70 (10 bytes)
1757899537.644290 sending message 112 to peer 0x1d833b70 (10 bytes)
1757899537.644297 sending message 112 to peer 0x1d833b70 (10 bytes)
1757899537.644303 sending message 112 to peer 0x1d833b70 (12 bytes)
1757899537.644310 sending message 112 to peer 0x1d833b70 (13 bytes)
1757899537.644316 sending message 112 to peer 0x1d833b70 (13 bytes)
1757899537.644323 sending message 112 to peer 0x1d833b70 (13 bytes)
1757899537.644330 sending message 112 to peer 0x1d833b70 (13 bytes)
1757899537.644337 sending message 112 to peer 0x1d833b70 (13 bytes)
1757899537.644343 sending message 112 to peer 0x1d833b70 (10 bytes)
1757899537.644350 sending message 112 to peer 0x1d833b70 (11 bytes)
1757899537.644356 sending message 112 to peer 0x1d833b70 (12 bytes)
1757899537.644363 sending message 112 to peer 0x1d833b70 (12 bytes)
1757899537.644369 sending message 112 to peer 0x1d833b70 (12 bytes)
1757899537.644376 sending message 112 to peer 0x1d833b70 (12 bytes)
1757899537.644383 sending message 112 to peer 0x1d833b70 (12 bytes)
1757899537.644389 sending message 112 to peer 0x1d833b70 (11 bytes)
1757899537.644396 sending message 112 to peer 0x1d833b70 (12 bytes)
1757899537.644403 sending message 112 to peer 0x1d833b70 (12 bytes)
1757899537.644409 sending message 112 to peer 0x1d833b70 (13 bytes)
1757899537.644416 sending message 112 to peer 0x1d833b70 (13 bytes)
1757899537.644422 sending message 112 to peer 0x1d833b70 (13 bytes)
1757899537.644429 sending message 112 to peer 0x1d833b70 (13 bytes)
1757899537.644436 sending message 112 to peer 0x1d833b70 (13 bytes)
1757899537.644443 sending message 112 to peer 0x1d833b70 (10 bytes)
1757899537.644449 sending message 112 to peer 0x1d833b70 (9 bytes)
1757899537.644456 sending message 112 to peer 0x1d833b70 (12 bytes)
1757899537.644462 sending message 112 to peer 0x1d833b70 (13 bytes)
1757899537.644469 sending message 112 to peer 0x1d833b70 (13 bytes)
1757899537.644476 sending message 112 to peer 0x1d833b70 (13 bytes)
1757899537.644483 sending message 112 to peer 0x1d833b70 (13 bytes)
1757899537.644489 sending message 112 to peer 0x1d833b70 (13 bytes)
1757899537.644496 sending message 112 to peer 0x1d833b70 (9 bytes)
1757899537.644502 sending message 112 to peer 0x1d833b70 (12 bytes)
1757899537.644509 sending message 112 to peer 0x1d833b70 (13 bytes)
1757899537.644516 sending message 112 to peer 0x1d833b70 (13 bytes)
1757899537.644522 sending message 112 to peer 0x1d833b70 (13 bytes)
1757899537.644529 sending message 112 to peer 0x1d833b70 (13 bytes)
1757899537.644535 sending message 112 to peer 0x1d833b70 (13 bytes)
1757899537.644542 sending message 112 to peer 0x1d833b70 (11 bytes)
1757899537.644549 sending message 112 to peer 0x1d833b70 (12 bytes)
1757899537.644555 sending message 112 to peer 0x1d833b70 (13 bytes)
1757899537.644566 sending message 112 to peer 0x1d833b70 (13 bytes)
1757899537.644575 sending message 112 to peer 0x1d833b70 (13 bytes)
1757899537.644581 sending message 112 to peer 0x1d833b70 (13 bytes)
1757899537.644588 sending message 112 to peer 0x1d833b70 (13 bytes)
1757899537.644594 sending message 112 to peer 0x1d833b70 (11 bytes)
1757899537.644601 sending message 112 to peer 0x1d833b70 (12 bytes)
1757899537.644607 sending message 112 to peer 0x1d833b70 (12 bytes)
1757899537.644614 sending message 112 to peer 0x1d833b70 (12 bytes)
1757899537.644621 sending message 112 to peer 0x1d833b70 (12 bytes)
1757899537.644627 sending message 112 to peer 0x1d833b70 (12 bytes)
1757899537.644634 sending message 112 to peer 0x1d833b70 (21 bytes)
1757899537.644641 sending message 112 to peer 0x1d833b70 (12 bytes)
1757899537.644648 sending message 112 to peer 0x1d833b70 (9 bytes)
1757899537.644655 sending message 112 to peer 0x1d833b70 (6 bytes)
1757899537.644662 sending message 112 to peer 0x1d833b70 (13 bytes)
1757899537.644668 sending message 112 to peer 0x1d833b70 (10 bytes)
1757899537.644675 sending message 112 to peer 0x1d833b70 (24 bytes)
1757899537.644682 sending message 112 to peer 0x1d833b70 (13 bytes)
1757899537.644689 sending message 112 to peer 0x1d833b70 (9 bytes)
1757899537.644696 sending message 112 to peer 0x1d833b70 (70 bytes)
1757899537.644703 sending message 112 to peer 0x1d833b70 (69 bytes)
1757899537.644710 sending message 112 to peer 0x1d833b70 (12 bytes)
1757899537.644717 sending message 112 to peer 0x1d833b70 (10 bytes)
1757899537.644724 sending message 112 to peer 0x1d833b70 (10 bytes)
1757899537.644731 sending message 112 to peer 0x1d833b70 (24 bytes)
1757899537.644738 sending message 112 to peer 0x1d833b70 (13 bytes)
1757899537.644745 sending message 112 to peer 0x1d833b70 (10 bytes)
1757899537.644751 sending message 112 to peer 0x1d833b70 (10 bytes)
1757899537.644758 sending message 112 to peer 0x1d833b70 (10 bytes)
1757899537.644765 sending message 112 to peer 0x1d833b70 (13 bytes)
1757899537.644771 sending message 112 to peer 0x1d833b70 (15 bytes)
1757899537.644778 sending message 112 to peer 0x1d833b70 (5 bytes)
1757899537.644786 sending message 104 to peer 0x1d833b70 (0 bytes)
1757899537.644794 sending message 110 to peer 0x1d833b70 (0 bytes)
1757899537.644802 sending message 107 to peer 0x1d833b70 (4 bytes)
1757899537.644809 sending message 105 to peer 0x1d833b70 (22 bytes)
1757899537.644816 sending message 105 to peer 0x1d833b70 (25 bytes)
1757899537.644823 sending message 105 to peer 0x1d833b70 (15 bytes)
1757899537.644830 sending message 105 to peer 0x1d833b70 (37 bytes)
1757899537.644836 sending message 105 to peer 0x1d833b70 (26 bytes)
1757899537.644843 sending message 105 to peer 0x1d833b70 (20 bytes)
1757899537.644851 sending message 105 to peer 0x1d833b70 (549 bytes)
1757899537.644859 sending message 105 to peer 0x1d833b70 (23 bytes)
1757899537.644867 sending message 105 to peer 0x1d833b70 (714 bytes)
1757899537.644874 sending message 105 to peer 0x1d833b70 (64 bytes)
1757899537.644882 sending message 105 to peer 0x1d833b70 (19 bytes)
1757899537.644889 sending message 105 to peer 0x1d833b70 (14 bytes)
1757899537.644896 sending message 105 to peer 0x1d833b70 (91 bytes)
1757899537.644903 sending message 105 to peer 0x1d833b70 (22 bytes)
1757899537.644910 sending message 105 to peer 0x1d833b70 (49 bytes)
1757899537.644917 sending message 105 to peer 0x1d833b70 (16 bytes)
1757899537.644923 sending message 105 to peer 0x1d833b70 (21 bytes)
1757899537.644930 sending message 105 to peer 0x1d833b70 (272 bytes)
1757899537.644937 sending message 105 to peer 0x1d833b70 (12 bytes)
1757899537.644944 sending message 105 to peer 0x1d833b70 (15 bytes)
1757899537.644951 sending message 105 to peer 0x1d833b70 (42 bytes)
1757899537.644958 sending message 105 to peer 0x1d833b70 (17 bytes)
1757899537.644964 sending message 105 to peer 0x1d833b70 (60 bytes)
1757899537.644972 sending message 105 to peer 0x1d833b70 (38 bytes)
1757899537.644990 sending message 105 to peer 0x1d833b70 (8 bytes)
1757899537.645001 sending message 105 to peer 0x1d833b70 (38 bytes)
1757899537.645011 sending message 105 to peer 0x1d833b70 (35 bytes)
1757899537.645018 sending message 105 to peer 0x1d833b70 (431 bytes)
1757899537.645025 sending message 105 to peer 0x1d833b70 (140 bytes)
1757899537.645032 sending message 105 to peer 0x1d833b70 (25 bytes)
1757899537.645040 sending message 105 to peer 0x1d833b70 (31 bytes)
1757899537.645047 sending message 105 to peer 0x1d833b70 (51 bytes)
1757899537.645054 sending message 105 to peer 0x1d833b70 (95 bytes)
1757899537.645061 sending message 105 to peer 0x1d833b70 (29 bytes)
1757899537.645068 sending message 105 to peer 0x1d833b70 (23 bytes)
1757899537.645075 sending message 105 to peer 0x1d833b70 (21 bytes)
1757899537.645082 sending message 105 to peer 0x1d833b70 (25 bytes)
1757899537.645089 sending message 105 to peer 0x1d833b70 (16 bytes)
1757899537.645096 sending message 105 to peer 0x1d833b70 (224 bytes)
1757899537.645103 sending message 105 to peer 0x1d833b70 (176 bytes)
1757899537.645110 sending message 105 to peer 0x1d833b70 (31 bytes)
1757899537.645117 sending message 105 to peer 0x1d833b70 (52 bytes)
1757899537.645124 sending message 105 to peer 0x1d833b70 (76 bytes)
1757899537.645131 sending message 105 to peer 0x1d833b70 (27 bytes)
1757899537.645138 sending message 105 to peer 0x1d833b70 (11 bytes)
1757899537.645145 sending message 105 to peer 0x1d833b70 (43 bytes)
1757899537.645152 sending message 105 to peer 0x1d833b70 (13 bytes)
1757899537.645159 sending message 105 to peer 0x1d833b70 (29 bytes)
1757899537.645166 sending message 105 to peer 0x1d833b70 (72 bytes)
1757899537.645172 sending message 105 to peer 0x1d833b70 (30 bytes)
1757899537.645179 sending message 105 to peer 0x1d833b70 (16 bytes)
1757899537.645185 sending message 105 to peer 0x1d833b70 (17 bytes)
1757899537.645192 sending message 105 to peer 0x1d833b70 (30 bytes)
1757899537.645199 sending message 105 to peer 0x1d833b70 (31 bytes)
1757899537.645206 sending message 105 to peer 0x1d833b70 (58 bytes)
1757899537.645214 sending message 105 to peer 0x1d833b70 (91 bytes)
1757899537.645221 sending message 105 to peer 0x1d833b70 (36 bytes)
1757899537.645229 sending message 105 to peer 0x1d833b70 (17 bytes)
1757899537.645236 sending message 105 to peer 0x1d833b70 (64 bytes)
1757899537.645243 sending message 105 to peer 0x1d833b70 (54 bytes)
1757899537.645250 sending message 105 to peer 0x1d833b70 (19 bytes)
1757899537.645257 sending message 105 to peer 0x1d833b70 (11 bytes)
1757899537.645264 sending message 105 to peer 0x1d833b70 (310 bytes)
1757899537.645271 sending message 105 to peer 0x1d833b70 (29 bytes)
1757899537.645277 sending message 105 to peer 0x1d833b70 (19 bytes)
1757899537.645284 sending message 105 to peer 0x1d833b70 (20 bytes)
1757899537.645291 sending message 105 to peer 0x1d833b70 (15 bytes)
1757899537.645297 sending message 105 to peer 0x1d833b70 (20 bytes)
1757899537.645304 sending message 105 to peer 0x1d833b70 (17 bytes)
1757899537.645312 sending message 105 to peer 0x1d833b70 (11 bytes)
1757899537.645319 sending message 105 to peer 0x1d833b70 (17 bytes)
1757899537.645326 sending message 105 to peer 0x1d833b70 (47 bytes)
1757899537.645332 sending message 105 to peer 0x1d833b70 (112 bytes)
1757899537.645339 sending message 105 to peer 0x1d833b70 (60 bytes)
1757899537.645346 sending message 105 to peer 0x1d833b70 (44 bytes)
1757899537.645353 sending message 105 to peer 0x1d833b70 (236 bytes)
1757899537.645360 sending message 105 to peer 0x1d833b70 (13 bytes)
1757899537.645368 sending message 105 to peer 0x1d833b70 (53 bytes)
1757899537.645375 sending message 105 to peer 0x1d833b70 (26 bytes)
1757899537.645381 sending message 105 to peer 0x1d833b70 (51 bytes)
1757899537.645390 sending message 105 to peer 0x1d833b70 (20 bytes)
1757899537.645397 sending message 105 to peer 0x1d833b70 (124 bytes)
1757899537.645404 sending message 105 to peer 0x1d833b70 (47 bytes)
1757899537.645411 sending message 105 to peer 0x1d833b70 (31 bytes)
1757899537.645418 sending message 105 to peer 0x1d833b70 (14 bytes)
1757899537.645428 sending message 105 to peer 0x1d833b70 (41 bytes)
1757899537.645438 sending message 105 to peer 0x1d833b70 (1540 bytes)
1757899537.645477 sending message 105 to peer 0x1d833b70 (267 bytes)
1757899537.645485 sending message 105 to peer 0x1d833b70 (20 bytes)
1757899537.645493 sending message 106 to peer 0x1d833b70 (0 bytes)
1757899537.645589 sending message 200 to peer 0x1d833b70 (4 bytes)
1757899537.645602 client loop enter
1757899537.656438 peer 0x1d833b70 message 207
1757899537.656479 sending message 208 to peer 0x1d833b70 (0 bytes)
1757899537.663209 client_signal: Window changed
1757899537.663239 sending message 208 to peer 0x1d833b70 (0 bytes)
1757899538.906698 peer 0x1d833b70 message 203
1757899538.906741 sending message 205 to peer 0x1d833b70 (0 bytes)
1757899538.907053 peer 0x1d833b70 message 204
1757899538.907063 client loop exit
